<?xml version="1.0" encoding="UTF-8"?>
<!-- Generated by org.testng.reporters.JUnitXMLReporter -->
<testsuite hostname="Davids-MBP.home" ignored="0" name="Surefire test" tests="3" failures="0" timestamp="16 Sep 2018 07:58:26 GMT" time="11.121" errors="0">
  <testcase name="AssertItemInCart" time="6.992" classname="UITests.TestMetropolis"/>
  <testcase name="testJsonStructure" time="2.586" classname="ApiTests.TestVimeoCategoryApi"/>
  <testcase name="testLogInValue" time="1.412" classname="ApiTests.TestVimeoCategoryApi"/>
</testsuite> <!-- Surefire test -->
